2024-10-09 19:44:31 Loading main app package /usr/lib/obsidian/obsidian.asar
2024-10-09 19:44:32 Checking for update using Github
2024-10-09 19:44:32 Success.
2024-10-09 19:44:32 Latest version is 1.6.7
2024-10-09 19:44:32 App is up to date.
2024-10-09 23:53:13 Loading main app package /usr/lib/obsidian/obsidian.asar
2024-10-09 23:53:13 Checking for update using Github
2024-10-09 23:53:13 Success.
2024-10-09 23:53:13 Latest version is 1.6.7
2024-10-09 23:53:13 App is up to date.
2024-10-10 00:16:56 Loading main app package /usr/lib/obsidian/obsidian.asar
2024-10-10 00:16:56 Checking for update using Github
2024-10-10 00:16:57 Success.
2024-10-10 00:16:57 Latest version is 1.6.7
2024-10-10 00:16:57 App is up to date.
2024-10-10 00:19:21 Loading main app package /usr/lib/obsidian/obsidian.asar
2024-10-10 00:19:21 Checking for update using Github
2024-10-10 00:19:21 Success.
2024-10-10 00:19:21 Latest version is 1.6.7
2024-10-10 00:19:21 App is up to date.
2024-10-10 00:43:23 Loading main app package /usr/lib/obsidian/obsidian.asar
2024-10-10 00:43:24 Checking for update using Github
2024-10-10 00:43:24 Success.
2024-10-10 00:43:24 Latest version is 1.6.7
2024-10-10 00:43:24 App is up to date.
2024-10-10 00:43:29 Loading main app package /usr/lib/obsidian/obsidian.asar
2024-10-10 00:43:30 Checking for update using Github
2024-10-10 00:43:30 Success.
2024-10-10 00:43:30 Latest version is 1.6.7
2024-10-10 00:43:30 App is up to date.
2024-10-10 05:01:37 Loading main app package /usr/lib/obsidian/obsidian.asar
2024-10-10 05:01:37 Checking for update using Github
2024-10-10 05:01:38 Success.
2024-10-10 05:01:38 Latest version is 1.6.7
2024-10-10 05:01:38 App is up to date.
